2026-02-11 12:00:53 - Error: Error: Unknown column 'p.sku' in 'where clause'<br/>Error No: 1054<br/>SELECT COUNT(DISTINCT `p`.`product_id`) AS `total` FROM `oc_product_to_store` `p2s` LEFT JOIN `oc_product` `p` ON (`p`.`product_id` = `p2s`.`product_id` AND `p`.`status` = '1' AND `p2s`.`store_id` = '0' AND `p`.`date_available` <= NOW()) LEFT JOIN `oc_product_description` `pd` ON (`p`.`product_id` = `pd`.`product_id`) WHERE `pd`.`language_id` = '1' AND ( (`pd`.`name` LIKE '%iphon%') OR  (`pd`.`tag` LIKE '%iphon%') OR LCASE(`p`.`model`) = 'iphon' OR LCASE(`p`.`sku`) = 'iphon' OR LCASE(`p`.`upc`) = 'iphon' OR LCASE(`p`.`ean`) = 'iphon' OR LCASE(`p`.`jan`) = 'iphon' OR LCASE(`p`.`isbn`) = 'iphon' OR LCASE(`p`.`mpn`) = 'iphon')
File: /Applications/MAMP/htdocs/system/library/db/mysqli.php
Line: 122

Backtrace: 0
File: /Applications/MAMP/htdocs/system/library/db.php
Line: 54
Class: Opencart\System\Library\DB\MySQLi
Function: query

Backtrace: 1
File: /Applications/MAMP/htdocs/catalog/model/catalog/product.php
Line: 376
Class: Opencart\System\Library\DB
Function: query

Backtrace: 2
File: /Applications/MAMP/htdocs/system/engine/loader.php
Line: 343
Class: Opencart\Catalog\Model\Catalog\Product
Function: getTotalProducts

Backtrace: 3
File: /Applications/MAMP/htdocs/system/engine/proxy.php
Line: 87
Class: Opencart\System\Engine\Loader
Function: Opencart\System\Engine\{closure}

Backtrace: 4
File: /Applications/MAMP/htdocs/catalog/controller/product/search.php
Line: 393
Class: Opencart\System\Engine\Proxy
Function: __call

Backtrace: 5
File: /Applications/MAMP/htdocs/system/engine/action.php
Line: 96
Class: Opencart\Catalog\Controller\Product\Search
Function: index

Backtrace: 6
File: /Applications/MAMP/htdocs/system/framework.php
Line: 259
Class: Opencart\System\Engine\Action
Function: execute

Backtrace: 7
File: /Applications/MAMP/htdocs/index.php
Line: 20
Function: require_once
2026-02-11 12:01:08 - Error: Error: Unknown column 'p.sku' in 'where clause'<br/>Error No: 1054<br/>SELECT COUNT(DISTINCT `p`.`product_id`) AS `total` FROM `oc_product_to_store` `p2s` LEFT JOIN `oc_product` `p` ON (`p`.`product_id` = `p2s`.`product_id` AND `p`.`status` = '1' AND `p2s`.`store_id` = '0' AND `p`.`date_available` <= NOW()) LEFT JOIN `oc_product_description` `pd` ON (`p`.`product_id` = `pd`.`product_id`) WHERE `pd`.`language_id` = '1' AND ( (`pd`.`name` LIKE '%iphone%') OR  (`pd`.`tag` LIKE '%iphone%') OR LCASE(`p`.`model`) = 'iphone' OR LCASE(`p`.`sku`) = 'iphone' OR LCASE(`p`.`upc`) = 'iphone' OR LCASE(`p`.`ean`) = 'iphone' OR LCASE(`p`.`jan`) = 'iphone' OR LCASE(`p`.`isbn`) = 'iphone' OR LCASE(`p`.`mpn`) = 'iphone')
File: /Applications/MAMP/htdocs/system/library/db/mysqli.php
Line: 122

Backtrace: 0
File: /Applications/MAMP/htdocs/system/library/db.php
Line: 54
Class: Opencart\System\Library\DB\MySQLi
Function: query

Backtrace: 1
File: /Applications/MAMP/htdocs/catalog/model/catalog/product.php
Line: 376
Class: Opencart\System\Library\DB
Function: query

Backtrace: 2
File: /Applications/MAMP/htdocs/system/engine/loader.php
Line: 343
Class: Opencart\Catalog\Model\Catalog\Product
Function: getTotalProducts

Backtrace: 3
File: /Applications/MAMP/htdocs/system/engine/proxy.php
Line: 87
Class: Opencart\System\Engine\Loader
Function: Opencart\System\Engine\{closure}

Backtrace: 4
File: /Applications/MAMP/htdocs/catalog/controller/product/search.php
Line: 393
Class: Opencart\System\Engine\Proxy
Function: __call

Backtrace: 5
File: /Applications/MAMP/htdocs/system/engine/action.php
Line: 96
Class: Opencart\Catalog\Controller\Product\Search
Function: index

Backtrace: 6
File: /Applications/MAMP/htdocs/system/framework.php
Line: 259
Class: Opencart\System\Engine\Action
Function: execute

Backtrace: 7
File: /Applications/MAMP/htdocs/index.php
Line: 20
Function: require_once
2026-02-12 08:45:32 - Error: Error: Unknown column 'p.sku' in 'where clause'<br/>Error No: 1054<br/>SELECT COUNT(DISTINCT `p`.`product_id`) AS `total` FROM `oc_product_to_store` `p2s` LEFT JOIN `oc_product` `p` ON (`p`.`product_id` = `p2s`.`product_id` AND `p`.`status` = '1' AND `p2s`.`store_id` = '0' AND `p`.`date_available` <= NOW()) LEFT JOIN `oc_product_description` `pd` ON (`p`.`product_id` = `pd`.`product_id`) WHERE `pd`.`language_id` = '4' AND ( (`pd`.`name` LIKE '%iphone%') OR  (`pd`.`tag` LIKE '%iphone%') OR LCASE(`p`.`model`) = 'iphone' OR LCASE(`p`.`sku`) = 'iphone' OR LCASE(`p`.`upc`) = 'iphone' OR LCASE(`p`.`ean`) = 'iphone' OR LCASE(`p`.`jan`) = 'iphone' OR LCASE(`p`.`isbn`) = 'iphone' OR LCASE(`p`.`mpn`) = 'iphone')
File: /Applications/MAMP/htdocs/system/library/db/mysqli.php
Line: 122

Backtrace: 0
File: /Applications/MAMP/htdocs/system/library/db.php
Line: 54
Class: Opencart\System\Library\DB\MySQLi
Function: query

Backtrace: 1
File: /Applications/MAMP/htdocs/catalog/model/catalog/product.php
Line: 376
Class: Opencart\System\Library\DB
Function: query

Backtrace: 2
File: /Applications/MAMP/htdocs/system/engine/loader.php
Line: 343
Class: Opencart\Catalog\Model\Catalog\Product
Function: getTotalProducts

Backtrace: 3
File: /Applications/MAMP/htdocs/system/engine/proxy.php
Line: 87
Class: Opencart\System\Engine\Loader
Function: Opencart\System\Engine\{closure}

Backtrace: 4
File: /Applications/MAMP/htdocs/catalog/controller/product/search.php
Line: 393
Class: Opencart\System\Engine\Proxy
Function: __call

Backtrace: 5
File: /Applications/MAMP/htdocs/system/engine/action.php
Line: 96
Class: Opencart\Catalog\Controller\Product\Search
Function: index

Backtrace: 6
File: /Applications/MAMP/htdocs/system/framework.php
Line: 259
Class: Opencart\System\Engine\Action
Function: execute

Backtrace: 7
File: /Applications/MAMP/htdocs/index.php
Line: 20
Function: require_once
2026-03-21 09:09:59 - Error: Undefined constant "Opencart\Catalog\Controller\Extension\Opencart\Module\DIR_CATALOG"
File: /Applications/MAMP/htdocs/extension/opencart/catalog/controller/module/section.php
Line: 79

Backtrace: 0
File: /Applications/MAMP/htdocs/system/engine/loader.php
Line: 112
Class: Opencart\Catalog\Controller\Extension\Opencart\Module\Section
Function: index

Backtrace: 1
File: /Applications/MAMP/htdocs/catalog/controller/common/content_top.php
Line: 101
Class: Opencart\System\Engine\Loader
Function: controller

Backtrace: 2
File: /Applications/MAMP/htdocs/system/engine/loader.php
Line: 112
Class: Opencart\Catalog\Controller\Common\ContentTop
Function: index

Backtrace: 3
File: /Applications/MAMP/htdocs/catalog/controller/common/home.php
Line: 28
Class: Opencart\System\Engine\Loader
Function: controller

Backtrace: 4
File: /Applications/MAMP/htdocs/system/engine/action.php
Line: 96
Class: Opencart\Catalog\Controller\Common\Home
Function: index

Backtrace: 5
File: /Applications/MAMP/htdocs/system/framework.php
Line: 259
Class: Opencart\System\Engine\Action
Function: execute

Backtrace: 6
File: /Applications/MAMP/htdocs/index.php
Line: 20
Function: require_once
2026-03-21 09:11:48 - PHP Warning:  Array to string conversion in /Applications/MAMP/htdocs/system/storage/vendor/twig/twig/src/Template.php on line 344
2026-03-21 09:23:52 - Error: An exception has been thrown during the rendering of a template ("range(): Argument #1 ($start) must be of type string|int|float, array given").
File: /Applications/MAMP/htdocs/catalog/view/template/sections/mehsullarimiz.twig
Line: 12

Backtrace: 0
File: /Applications/MAMP/htdocs/system/storage/vendor/twig/twig/src/Template.php
Line: 343
Class: Twig\Template
Function: yield

Backtrace: 1
File: /Applications/MAMP/htdocs/system/storage/vendor/twig/twig/src/Template.php
Line: 358
Class: Twig\Template
Function: display

Backtrace: 2
File: /Applications/MAMP/htdocs/system/storage/vendor/twig/twig/src/TemplateWrapper.php
Line: 51
Class: Twig\Template
Function: render

Backtrace: 3
File: /Applications/MAMP/htdocs/system/storage/vendor/twig/twig/src/Environment.php
Line: 320
Class: Twig\TemplateWrapper
Function: render

Backtrace: 4
File: /Applications/MAMP/htdocs/system/library/template/twig.php
Line: 119
Class: Twig\Environment
Function: render

Backtrace: 5
File: /Applications/MAMP/htdocs/system/library/template.php
Line: 58
Class: Opencart\System\Library\Template\Twig
Function: render

Backtrace: 6
File: /Applications/MAMP/htdocs/system/engine/loader.php
Line: 187
Class: Opencart\System\Library\Template
Function: render

Backtrace: 7
File: /Applications/MAMP/htdocs/extension/opencart/catalog/controller/module/section.php
Line: 82
Class: Opencart\System\Engine\Loader
Function: view

Backtrace: 8
File: /Applications/MAMP/htdocs/system/engine/loader.php
Line: 112
Class: Opencart\Catalog\Controller\Extension\Opencart\Module\Section
Function: index

Backtrace: 9
File: /Applications/MAMP/htdocs/catalog/controller/common/content_top.php
Line: 101
Class: Opencart\System\Engine\Loader
Function: controller

Backtrace: 10
File: /Applications/MAMP/htdocs/system/engine/loader.php
Line: 112
Class: Opencart\Catalog\Controller\Common\ContentTop
Function: index

Backtrace: 11
File: /Applications/MAMP/htdocs/catalog/controller/common/home.php
Line: 28
Class: Opencart\System\Engine\Loader
Function: controller

Backtrace: 12
File: /Applications/MAMP/htdocs/system/engine/action.php
Line: 96
Class: Opencart\Catalog\Controller\Common\Home
Function: index

Backtrace: 13
File: /Applications/MAMP/htdocs/system/framework.php
Line: 259
Class: Opencart\System\Engine\Action
Function: execute

Backtrace: 14
File: /Applications/MAMP/htdocs/index.php
Line: 20
Function: require_once
