2026-02-11 12:00:53 - Error: Error: Unknown column 'p.sku' in 'where clause'<br/>Error No: 1054<br/>SELECT COUNT(DISTINCT `p`.`product_id`) AS `total` FROM `oc_product_to_store` `p2s` LEFT JOIN `oc_product` `p` ON (`p`.`product_id` = `p2s`.`product_id` AND `p`.`status` = '1' AND `p2s`.`store_id` = '0' AND `p`.`date_available` <= NOW()) LEFT JOIN `oc_product_description` `pd` ON (`p`.`product_id` = `pd`.`product_id`) WHERE `pd`.`language_id` = '1' AND ( (`pd`.`name` LIKE '%iphon%') OR  (`pd`.`tag` LIKE '%iphon%') OR LCASE(`p`.`model`) = 'iphon' OR LCASE(`p`.`sku`) = 'iphon' OR LCASE(`p`.`upc`) = 'iphon' OR LCASE(`p`.`ean`) = 'iphon' OR LCASE(`p`.`jan`) = 'iphon' OR LCASE(`p`.`isbn`) = 'iphon' OR LCASE(`p`.`mpn`) = 'iphon')
File: /Applications/MAMP/htdocs/system/library/db/mysqli.php
Line: 122

Backtrace: 0
File: /Applications/MAMP/htdocs/system/library/db.php
Line: 54
Class: Opencart\System\Library\DB\MySQLi
Function: query

Backtrace: 1
File: /Applications/MAMP/htdocs/catalog/model/catalog/product.php
Line: 376
Class: Opencart\System\Library\DB
Function: query

Backtrace: 2
File: /Applications/MAMP/htdocs/system/engine/loader.php
Line: 343
Class: Opencart\Catalog\Model\Catalog\Product
Function: getTotalProducts

Backtrace: 3
File: /Applications/MAMP/htdocs/system/engine/proxy.php
Line: 87
Class: Opencart\System\Engine\Loader
Function: Opencart\System\Engine\{closure}

Backtrace: 4
File: /Applications/MAMP/htdocs/catalog/controller/product/search.php
Line: 393
Class: Opencart\System\Engine\Proxy
Function: __call

Backtrace: 5
File: /Applications/MAMP/htdocs/system/engine/action.php
Line: 96
Class: Opencart\Catalog\Controller\Product\Search
Function: index

Backtrace: 6
File: /Applications/MAMP/htdocs/system/framework.php
Line: 259
Class: Opencart\System\Engine\Action
Function: execute

Backtrace: 7
File: /Applications/MAMP/htdocs/index.php
Line: 20
Function: require_once
2026-02-11 12:01:08 - Error: Error: Unknown column 'p.sku' in 'where clause'<br/>Error No: 1054<br/>SELECT COUNT(DISTINCT `p`.`product_id`) AS `total` FROM `oc_product_to_store` `p2s` LEFT JOIN `oc_product` `p` ON (`p`.`product_id` = `p2s`.`product_id` AND `p`.`status` = '1' AND `p2s`.`store_id` = '0' AND `p`.`date_available` <= NOW()) LEFT JOIN `oc_product_description` `pd` ON (`p`.`product_id` = `pd`.`product_id`) WHERE `pd`.`language_id` = '1' AND ( (`pd`.`name` LIKE '%iphone%') OR  (`pd`.`tag` LIKE '%iphone%') OR LCASE(`p`.`model`) = 'iphone' OR LCASE(`p`.`sku`) = 'iphone' OR LCASE(`p`.`upc`) = 'iphone' OR LCASE(`p`.`ean`) = 'iphone' OR LCASE(`p`.`jan`) = 'iphone' OR LCASE(`p`.`isbn`) = 'iphone' OR LCASE(`p`.`mpn`) = 'iphone')
File: /Applications/MAMP/htdocs/system/library/db/mysqli.php
Line: 122

Backtrace: 0
File: /Applications/MAMP/htdocs/system/library/db.php
Line: 54
Class: Opencart\System\Library\DB\MySQLi
Function: query

Backtrace: 1
File: /Applications/MAMP/htdocs/catalog/model/catalog/product.php
Line: 376
Class: Opencart\System\Library\DB
Function: query

Backtrace: 2
File: /Applications/MAMP/htdocs/system/engine/loader.php
Line: 343
Class: Opencart\Catalog\Model\Catalog\Product
Function: getTotalProducts

Backtrace: 3
File: /Applications/MAMP/htdocs/system/engine/proxy.php
Line: 87
Class: Opencart\System\Engine\Loader
Function: Opencart\System\Engine\{closure}

Backtrace: 4
File: /Applications/MAMP/htdocs/catalog/controller/product/search.php
Line: 393
Class: Opencart\System\Engine\Proxy
Function: __call

Backtrace: 5
File: /Applications/MAMP/htdocs/system/engine/action.php
Line: 96
Class: Opencart\Catalog\Controller\Product\Search
Function: index

Backtrace: 6
File: /Applications/MAMP/htdocs/system/framework.php
Line: 259
Class: Opencart\System\Engine\Action
Function: execute

Backtrace: 7
File: /Applications/MAMP/htdocs/index.php
Line: 20
Function: require_once
2026-02-12 08:45:32 - Error: Error: Unknown column 'p.sku' in 'where clause'<br/>Error No: 1054<br/>SELECT COUNT(DISTINCT `p`.`product_id`) AS `total` FROM `oc_product_to_store` `p2s` LEFT JOIN `oc_product` `p` ON (`p`.`product_id` = `p2s`.`product_id` AND `p`.`status` = '1' AND `p2s`.`store_id` = '0' AND `p`.`date_available` <= NOW()) LEFT JOIN `oc_product_description` `pd` ON (`p`.`product_id` = `pd`.`product_id`) WHERE `pd`.`language_id` = '4' AND ( (`pd`.`name` LIKE '%iphone%') OR  (`pd`.`tag` LIKE '%iphone%') OR LCASE(`p`.`model`) = 'iphone' OR LCASE(`p`.`sku`) = 'iphone' OR LCASE(`p`.`upc`) = 'iphone' OR LCASE(`p`.`ean`) = 'iphone' OR LCASE(`p`.`jan`) = 'iphone' OR LCASE(`p`.`isbn`) = 'iphone' OR LCASE(`p`.`mpn`) = 'iphone')
File: /Applications/MAMP/htdocs/system/library/db/mysqli.php
Line: 122

Backtrace: 0
File: /Applications/MAMP/htdocs/system/library/db.php
Line: 54
Class: Opencart\System\Library\DB\MySQLi
Function: query

Backtrace: 1
File: /Applications/MAMP/htdocs/catalog/model/catalog/product.php
Line: 376
Class: Opencart\System\Library\DB
Function: query

Backtrace: 2
File: /Applications/MAMP/htdocs/system/engine/loader.php
Line: 343
Class: Opencart\Catalog\Model\Catalog\Product
Function: getTotalProducts

Backtrace: 3
File: /Applications/MAMP/htdocs/system/engine/proxy.php
Line: 87
Class: Opencart\System\Engine\Loader
Function: Opencart\System\Engine\{closure}

Backtrace: 4
File: /Applications/MAMP/htdocs/catalog/controller/product/search.php
Line: 393
Class: Opencart\System\Engine\Proxy
Function: __call

Backtrace: 5
File: /Applications/MAMP/htdocs/system/engine/action.php
Line: 96
Class: Opencart\Catalog\Controller\Product\Search
Function: index

Backtrace: 6
File: /Applications/MAMP/htdocs/system/framework.php
Line: 259
Class: Opencart\System\Engine\Action
Function: execute

Backtrace: 7
File: /Applications/MAMP/htdocs/index.php
Line: 20
Function: require_once
